<?xml version="1.0" encoding="UTF-8"?>
<!-- Generated by org.testng.reporters.JUnitReportReporter -->
<testsuite skipped="0" hostname="HP8440P-PC" name="org.write.Finally" tests="1" failures="0" timestamp="20 May 2020 09:24:53 GMT" time="23.728" errors="0">
  <testcase name="test" time="23.728" classname="org.write.Finally"/>
</testsuite> <!-- org.write.Finally -->
